[debug] [2020-12-14T11:55:42.224Z] ----------------------------------------------------------------------
[debug] [2020-12-14T11:55:42.226Z] Command:       C:\Program Files\nodejs\node.exe C:\Users\joana\AppData\Roaming\npm\node_modules\firebase-tools\lib\bin\firebase.js deploy
[debug] [2020-12-14T11:55:42.226Z] CLI Version:   8.19.0
[debug] [2020-12-14T11:55:42.226Z] Platform:      win32
[debug] [2020-12-14T11:55:42.226Z] Node Version:  v12.18.4
[debug] [2020-12-14T11:55:42.227Z] Time:          Mon Dec 14 2020 11:55:42 GMT+0000 (Western European Standard Time)
[debug] [2020-12-14T11:55:42.227Z] ----------------------------------------------------------------------
[debug] [2020-12-14T11:55:42.227Z] 
[debug] [2020-12-14T11:55:42.235Z] > command requires scopes: ["email","openid","https://www.googleapis.com/auth/cloudplatformprojects.readonly","https://www.googleapis.com/auth/firebase","https://www.googleapis.com/auth/cloud-platform"]
[debug] [2020-12-14T11:55:42.236Z] > authorizing via signed-in user
[debug] [2020-12-14T11:55:42.236Z] [iam] checking project artistree-78c6a for permissions ["firebase.projects.get","firebasehosting.sites.update"]
[debug] [2020-12-14T11:55:42.238Z] >>> HTTP REQUEST POST https://cloudresourcemanager.googleapis.com/v1/projects/artistree-78c6a:testIamPermissions  
 {"permissions":["firebase.projects.get","firebasehosting.sites.update"]}
[debug] [2020-12-14T11:55:44.311Z] <<< HTTP RESPONSE 503 {"vary":"X-Origin, Referer, Origin,Accept-Encoding","content-type":"application/json; charset=UTF-8","date":"Mon, 14 Dec 2020 11:55:43 GMT","server":"ESF","cache-control":"private","x-xss-protection":"0","x-frame-options":"SAMEORIGIN","x-content-type-options":"nosniff","server-timing":"gfet4t7; dur=753","alt-svc":"h3-29=\":443\"; ma=2592000,h3-T051=\":443\"; ma=2592000,h3-Q050=\":443\"; ma=2592000,h3-Q046=\":443\"; ma=2592000,h3-Q043=\":443\"; ma=2592000,quic=\":443\"; ma=2592000; v=\"46,43\"","accept-ranges":"none","transfer-encoding":"chunked"}
[debug] [2020-12-14T11:55:44.312Z] <<< HTTP RESPONSE BODY {"error":{"code":503,"message":"Authentication backend unavailable.","status":"UNAVAILABLE"}}
[debug] [2020-12-14T11:55:44.313Z] [iam] error while checking permissions, command may fail: FirebaseError: HTTP Error: 503, Authentication backend unavailable.
[debug] [2020-12-14T11:55:44.313Z] >>> HTTP REQUEST GET https://firebase.googleapis.com/v1beta1/projects/artistree-78c6a  
 
[debug] [2020-12-14T11:55:44.518Z] <<< HTTP RESPONSE 503 {"vary":"X-Origin, Referer, Origin,Accept-Encoding","content-type":"application/json; charset=UTF-8","date":"Mon, 14 Dec 2020 11:55:43 GMT","server":"ESF","cache-control":"private","x-xss-protection":"0","x-frame-options":"SAMEORIGIN","x-content-type-options":"nosniff","alt-svc":"h3-29=\":443\"; ma=2592000,h3-T051=\":443\"; ma=2592000,h3-Q050=\":443\"; ma=2592000,h3-Q046=\":443\"; ma=2592000,h3-Q043=\":443\"; ma=2592000,quic=\":443\"; ma=2592000; v=\"46,43\"","accept-ranges":"none","transfer-encoding":"chunked"}
[debug] [2020-12-14T11:55:44.519Z] <<< HTTP RESPONSE BODY {"error":{"code":503,"message":"Authentication backend unavailable.","status":"UNAVAILABLE"}}
[debug] [2020-12-14T11:55:44.521Z] HTTP Error: 503, Authentication backend unavailable.
[debug] [2020-12-14T11:55:44.529Z] FirebaseError: HTTP Error: 503, Authentication backend unavailable.
    at module.exports (C:\Users\joana\AppData\Roaming\npm\node_modules\firebase-tools\lib\responseToError.js:38:12)
    at Request._callback (C:\Users\joana\AppData\Roaming\npm\node_modules\firebase-tools\lib\api.js:41:35)
    at Request.self.callback (C:\Users\joana\AppData\Roaming\npm\node_modules\firebase-tools\node_modules\request\request.js:185:22)
    at Request.emit (events.js:315:20)
    at Request.EventEmitter.emit (domain.js:483:12)
    at Request.<anonymous> (C:\Users\joana\AppData\Roaming\npm\node_modules\firebase-tools\node_modules\request\request.js:1154:10)
    at Request.emit (events.js:315:20)
    at Request.EventEmitter.emit (domain.js:483:12)
    at IncomingMessage.<anonymous> (C:\Users\joana\AppData\Roaming\npm\node_modules\firebase-tools\node_modules\request\request.js:1076:12)
    at Object.onceWrapper (events.js:421:28)
    at IncomingMessage.emit (events.js:327:22)
    at IncomingMessage.EventEmitter.emit (domain.js:483:12)
    at endReadableNT (_stream_readable.js:1220:12)
    at processTicksAndRejections (internal/process/task_queues.js:84:21)
[error] 
[error] Error: Failed to get Firebase project artistree-78c6a. Please make sure the project exists and your account has permission to access it.
[debug] [2020-12-14T11:55:52.319Z] ----------------------------------------------------------------------
[debug] [2020-12-14T11:55:52.320Z] Command:       C:\Program Files\nodejs\node.exe C:\Users\joana\AppData\Roaming\npm\node_modules\firebase-tools\lib\bin\firebase.js deploy
[debug] [2020-12-14T11:55:52.321Z] CLI Version:   8.19.0
[debug] [2020-12-14T11:55:52.321Z] Platform:      win32
[debug] [2020-12-14T11:55:52.321Z] Node Version:  v12.18.4
[debug] [2020-12-14T11:55:52.321Z] Time:          Mon Dec 14 2020 11:55:52 GMT+0000 (Western European Standard Time)
[debug] [2020-12-14T11:55:52.322Z] ----------------------------------------------------------------------
[debug] [2020-12-14T11:55:52.322Z] 
[debug] [2020-12-14T11:55:52.327Z] > command requires scopes: ["email","openid","https://www.googleapis.com/auth/cloudplatformprojects.readonly","https://www.googleapis.com/auth/firebase","https://www.googleapis.com/auth/cloud-platform"]
[debug] [2020-12-14T11:55:52.328Z] > authorizing via signed-in user
[debug] [2020-12-14T11:55:52.328Z] [iam] checking project artistree-78c6a for permissions ["firebase.projects.get","firebasehosting.sites.update"]
[debug] [2020-12-14T11:55:52.330Z] >>> HTTP REQUEST POST https://cloudresourcemanager.googleapis.com/v1/projects/artistree-78c6a:testIamPermissions  
 {"permissions":["firebase.projects.get","firebasehosting.sites.update"]}
[debug] [2020-12-14T11:55:53.168Z] <<< HTTP RESPONSE 503 {"vary":"X-Origin, Referer, Origin,Accept-Encoding","content-type":"application/json; charset=UTF-8","date":"Mon, 14 Dec 2020 11:55:52 GMT","server":"ESF","cache-control":"private","x-xss-protection":"0","x-frame-options":"SAMEORIGIN","x-content-type-options":"nosniff","server-timing":"gfet4t7; dur=753","alt-svc":"h3-29=\":443\"; ma=2592000,h3-T051=\":443\"; ma=2592000,h3-Q050=\":443\"; ma=2592000,h3-Q046=\":443\"; ma=2592000,h3-Q043=\":443\"; ma=2592000,quic=\":443\"; ma=2592000; v=\"46,43\"","accept-ranges":"none","transfer-encoding":"chunked"}
[debug] [2020-12-14T11:55:53.168Z] <<< HTTP RESPONSE BODY {"error":{"code":503,"message":"Authentication backend unavailable.","status":"UNAVAILABLE"}}
[debug] [2020-12-14T11:55:53.169Z] [iam] error while checking permissions, command may fail: FirebaseError: HTTP Error: 503, Authentication backend unavailable.
[debug] [2020-12-14T11:55:53.170Z] >>> HTTP REQUEST GET https://firebase.googleapis.com/v1beta1/projects/artistree-78c6a  
 
[debug] [2020-12-14T11:55:53.547Z] <<< HTTP RESPONSE 503 {"vary":"X-Origin, Referer, Origin,Accept-Encoding","content-type":"application/json; charset=UTF-8","date":"Mon, 14 Dec 2020 11:55:52 GMT","server":"ESF","cache-control":"private","x-xss-protection":"0","x-frame-options":"SAMEORIGIN","x-content-type-options":"nosniff","alt-svc":"h3-29=\":443\"; ma=2592000,h3-T051=\":443\"; ma=2592000,h3-Q050=\":443\"; ma=2592000,h3-Q046=\":443\"; ma=2592000,h3-Q043=\":443\"; ma=2592000,quic=\":443\"; ma=2592000; v=\"46,43\"","accept-ranges":"none","transfer-encoding":"chunked"}
[debug] [2020-12-14T11:55:53.547Z] <<< HTTP RESPONSE BODY {"error":{"code":503,"message":"Authentication backend unavailable.","status":"UNAVAILABLE"}}
[debug] [2020-12-14T11:55:53.547Z] HTTP Error: 503, Authentication backend unavailable.
[debug] [2020-12-14T11:55:53.549Z] FirebaseError: HTTP Error: 503, Authentication backend unavailable.
    at module.exports (C:\Users\joana\AppData\Roaming\npm\node_modules\firebase-tools\lib\responseToError.js:38:12)
    at Request._callback (C:\Users\joana\AppData\Roaming\npm\node_modules\firebase-tools\lib\api.js:41:35)
    at Request.self.callback (C:\Users\joana\AppData\Roaming\npm\node_modules\firebase-tools\node_modules\request\request.js:185:22)
    at Request.emit (events.js:315:20)
    at Request.EventEmitter.emit (domain.js:483:12)
    at Request.<anonymous> (C:\Users\joana\AppData\Roaming\npm\node_modules\firebase-tools\node_modules\request\request.js:1154:10)
    at Request.emit (events.js:315:20)
    at Request.EventEmitter.emit (domain.js:483:12)
    at IncomingMessage.<anonymous> (C:\Users\joana\AppData\Roaming\npm\node_modules\firebase-tools\node_modules\request\request.js:1076:12)
    at Object.onceWrapper (events.js:421:28)
    at IncomingMessage.emit (events.js:327:22)
    at IncomingMessage.EventEmitter.emit (domain.js:483:12)
    at endReadableNT (_stream_readable.js:1220:12)
    at processTicksAndRejections (internal/process/task_queues.js:84:21)
[error] 
[error] Error: Failed to get Firebase project artistree-78c6a. Please make sure the project exists and your account has permission to access it.
[debug] [2020-12-14T11:56:26.736Z] ----------------------------------------------------------------------
[debug] [2020-12-14T11:56:26.738Z] Command:       C:\Program Files\nodejs\node.exe C:\Users\joana\AppData\Roaming\npm\node_modules\firebase-tools\lib\bin\firebase.js deploy
[debug] [2020-12-14T11:56:26.738Z] CLI Version:   8.19.0
[debug] [2020-12-14T11:56:26.738Z] Platform:      win32
[debug] [2020-12-14T11:56:26.738Z] Node Version:  v12.18.4
[debug] [2020-12-14T11:56:26.739Z] Time:          Mon Dec 14 2020 11:56:26 GMT+0000 (Western European Standard Time)
[debug] [2020-12-14T11:56:26.739Z] ----------------------------------------------------------------------
[debug] [2020-12-14T11:56:26.739Z] 
[debug] [2020-12-14T11:56:26.744Z] > command requires scopes: ["email","openid","https://www.googleapis.com/auth/cloudplatformprojects.readonly","https://www.googleapis.com/auth/firebase","https://www.googleapis.com/auth/cloud-platform"]
[debug] [2020-12-14T11:56:26.744Z] > authorizing via signed-in user
[debug] [2020-12-14T11:56:26.744Z] [iam] checking project artistree-78c6a for permissions ["firebase.projects.get","firebasehosting.sites.update"]
[debug] [2020-12-14T11:56:26.746Z] >>> HTTP REQUEST POST https://cloudresourcemanager.googleapis.com/v1/projects/artistree-78c6a:testIamPermissions  
 {"permissions":["firebase.projects.get","firebasehosting.sites.update"]}
[debug] [2020-12-14T11:56:27.532Z] <<< HTTP RESPONSE 503 {"vary":"X-Origin, Referer, Origin,Accept-Encoding","content-type":"application/json; charset=UTF-8","date":"Mon, 14 Dec 2020 11:56:26 GMT","server":"ESF","cache-control":"private","x-xss-protection":"0","x-frame-options":"SAMEORIGIN","x-content-type-options":"nosniff","server-timing":"gfet4t7; dur=694","alt-svc":"h3-29=\":443\"; ma=2592000,h3-T051=\":443\"; ma=2592000,h3-Q050=\":443\"; ma=2592000,h3-Q046=\":443\"; ma=2592000,h3-Q043=\":443\"; ma=2592000,quic=\":443\"; ma=2592000; v=\"46,43\"","accept-ranges":"none","transfer-encoding":"chunked"}
[debug] [2020-12-14T11:56:27.532Z] <<< HTTP RESPONSE BODY {"error":{"code":503,"message":"Authentication backend unavailable.","status":"UNAVAILABLE"}}
[debug] [2020-12-14T11:56:27.533Z] [iam] error while checking permissions, command may fail: FirebaseError: HTTP Error: 503, Authentication backend unavailable.
[debug] [2020-12-14T11:56:27.534Z] >>> HTTP REQUEST GET https://firebase.googleapis.com/v1beta1/projects/artistree-78c6a  
 
[debug] [2020-12-14T11:56:27.797Z] <<< HTTP RESPONSE 503 {"vary":"X-Origin, Referer, Origin,Accept-Encoding","content-type":"application/json; charset=UTF-8","date":"Mon, 14 Dec 2020 11:56:26 GMT","server":"ESF","cache-control":"private","x-xss-protection":"0","x-frame-options":"SAMEORIGIN","x-content-type-options":"nosniff","alt-svc":"h3-29=\":443\"; ma=2592000,h3-T051=\":443\"; ma=2592000,h3-Q050=\":443\"; ma=2592000,h3-Q046=\":443\"; ma=2592000,h3-Q043=\":443\"; ma=2592000,quic=\":443\"; ma=2592000; v=\"46,43\"","accept-ranges":"none","transfer-encoding":"chunked"}
[debug] [2020-12-14T11:56:27.797Z] <<< HTTP RESPONSE BODY {"error":{"code":503,"message":"Authentication backend unavailable.","status":"UNAVAILABLE"}}
[debug] [2020-12-14T11:56:27.798Z] HTTP Error: 503, Authentication backend unavailable.
[debug] [2020-12-14T11:56:27.799Z] FirebaseError: HTTP Error: 503, Authentication backend unavailable.
    at module.exports (C:\Users\joana\AppData\Roaming\npm\node_modules\firebase-tools\lib\responseToError.js:38:12)
    at Request._callback (C:\Users\joana\AppData\Roaming\npm\node_modules\firebase-tools\lib\api.js:41:35)
    at Request.self.callback (C:\Users\joana\AppData\Roaming\npm\node_modules\firebase-tools\node_modules\request\request.js:185:22)
    at Request.emit (events.js:315:20)
    at Request.EventEmitter.emit (domain.js:483:12)
    at Request.<anonymous> (C:\Users\joana\AppData\Roaming\npm\node_modules\firebase-tools\node_modules\request\request.js:1154:10)
    at Request.emit (events.js:315:20)
    at Request.EventEmitter.emit (domain.js:483:12)
    at IncomingMessage.<anonymous> (C:\Users\joana\AppData\Roaming\npm\node_modules\firebase-tools\node_modules\request\request.js:1076:12)
    at Object.onceWrapper (events.js:421:28)
    at IncomingMessage.emit (events.js:327:22)
    at IncomingMessage.EventEmitter.emit (domain.js:483:12)
    at endReadableNT (_stream_readable.js:1220:12)
    at processTicksAndRejections (internal/process/task_queues.js:84:21)
[error] 
[error] Error: Failed to get Firebase project artistree-78c6a. Please make sure the project exists and your account has permission to access it.
[debug] [2020-12-14T11:58:43.763Z] ----------------------------------------------------------------------
[debug] [2020-12-14T11:58:43.765Z] Command:       C:\Program Files\nodejs\node.exe C:\Users\joana\AppData\Roaming\npm\node_modules\firebase-tools\lib\bin\firebase.js deploy
[debug] [2020-12-14T11:58:43.765Z] CLI Version:   8.19.0
[debug] [2020-12-14T11:58:43.765Z] Platform:      win32
[debug] [2020-12-14T11:58:43.765Z] Node Version:  v12.18.4
[debug] [2020-12-14T11:58:43.766Z] Time:          Mon Dec 14 2020 11:58:43 GMT+0000 (Western European Standard Time)
[debug] [2020-12-14T11:58:43.766Z] ----------------------------------------------------------------------
[debug] [2020-12-14T11:58:43.766Z] 
[debug] [2020-12-14T11:58:43.771Z] > command requires scopes: ["email","openid","https://www.googleapis.com/auth/cloudplatformprojects.readonly","https://www.googleapis.com/auth/firebase","https://www.googleapis.com/auth/cloud-platform"]
[debug] [2020-12-14T11:58:43.771Z] > authorizing via signed-in user
[debug] [2020-12-14T11:58:43.772Z] [iam] checking project artistree-78c6a for permissions ["firebase.projects.get","firebasehosting.sites.update"]
[debug] [2020-12-14T11:58:43.774Z] >>> HTTP REQUEST POST https://cloudresourcemanager.googleapis.com/v1/projects/artistree-78c6a:testIamPermissions  
 {"permissions":["firebase.projects.get","firebasehosting.sites.update"]}
[debug] [2020-12-14T11:58:44.649Z] <<< HTTP RESPONSE 503 {"vary":"X-Origin, Referer, Origin,Accept-Encoding","content-type":"application/json; charset=UTF-8","date":"Mon, 14 Dec 2020 11:58:43 GMT","server":"ESF","cache-control":"private","x-xss-protection":"0","x-frame-options":"SAMEORIGIN","x-content-type-options":"nosniff","server-timing":"gfet4t7; dur=680","alt-svc":"h3-29=\":443\"; ma=2592000,h3-T051=\":443\"; ma=2592000,h3-Q050=\":443\"; ma=2592000,h3-Q046=\":443\"; ma=2592000,h3-Q043=\":443\"; ma=2592000,quic=\":443\"; ma=2592000; v=\"46,43\"","accept-ranges":"none","transfer-encoding":"chunked"}
[debug] [2020-12-14T11:58:44.650Z] <<< HTTP RESPONSE BODY {"error":{"code":503,"message":"Authentication backend unavailable.","status":"UNAVAILABLE"}}
[debug] [2020-12-14T11:58:44.651Z] [iam] error while checking permissions, command may fail: FirebaseError: HTTP Error: 503, Authentication backend unavailable.
[debug] [2020-12-14T11:58:44.652Z] >>> HTTP REQUEST GET https://firebase.googleapis.com/v1beta1/projects/artistree-78c6a  
 
[debug] [2020-12-14T11:58:44.912Z] <<< HTTP RESPONSE 503 {"vary":"X-Origin, Referer, Origin,Accept-Encoding","content-type":"application/json; charset=UTF-8","date":"Mon, 14 Dec 2020 11:58:44 GMT","server":"ESF","cache-control":"private","x-xss-protection":"0","x-frame-options":"SAMEORIGIN","x-content-type-options":"nosniff","alt-svc":"h3-29=\":443\"; ma=2592000,h3-T051=\":443\"; ma=2592000,h3-Q050=\":443\"; ma=2592000,h3-Q046=\":443\"; ma=2592000,h3-Q043=\":443\"; ma=2592000,quic=\":443\"; ma=2592000; v=\"46,43\"","accept-ranges":"none","transfer-encoding":"chunked"}
[debug] [2020-12-14T11:58:44.912Z] <<< HTTP RESPONSE BODY {"error":{"code":503,"message":"Authentication backend unavailable.","status":"UNAVAILABLE"}}
[debug] [2020-12-14T11:58:44.912Z] HTTP Error: 503, Authentication backend unavailable.
[debug] [2020-12-14T11:58:44.914Z] FirebaseError: HTTP Error: 503, Authentication backend unavailable.
    at module.exports (C:\Users\joana\AppData\Roaming\npm\node_modules\firebase-tools\lib\responseToError.js:38:12)
    at Request._callback (C:\Users\joana\AppData\Roaming\npm\node_modules\firebase-tools\lib\api.js:41:35)
    at Request.self.callback (C:\Users\joana\AppData\Roaming\npm\node_modules\firebase-tools\node_modules\request\request.js:185:22)
    at Request.emit (events.js:315:20)
    at Request.EventEmitter.emit (domain.js:483:12)
    at Request.<anonymous> (C:\Users\joana\AppData\Roaming\npm\node_modules\firebase-tools\node_modules\request\request.js:1154:10)
    at Request.emit (events.js:315:20)
    at Request.EventEmitter.emit (domain.js:483:12)
    at IncomingMessage.<anonymous> (C:\Users\joana\AppData\Roaming\npm\node_modules\firebase-tools\node_modules\request\request.js:1076:12)
    at Object.onceWrapper (events.js:421:28)
    at IncomingMessage.emit (events.js:327:22)
    at IncomingMessage.EventEmitter.emit (domain.js:483:12)
    at endReadableNT (_stream_readable.js:1220:12)
    at processTicksAndRejections (internal/process/task_queues.js:84:21)
[error] 
[error] Error: Failed to get Firebase project artistree-78c6a. Please make sure the project exists and your account has permission to access it.
